C:\USERS\RUKSHAN\DOCUMENTS\VISUAL STUDIO 2012\PROJECTS\OPENCV\OPENCV\DEBUG\OPENCV.PCH
C:\USERS\RUKSHAN\DOCUMENTS\VISUAL STUDIO 2012\PROJECTS\OPENCV\OPENCV\DEBUG\STDAFX.OBJ
C:\USERS\RUKSHAN\DOCUMENTS\VISUAL STUDIO 2012\PROJECTS\OPENCV\OPENCV\DEBUG\VC110.PDB
C:\USERS\RUKSHAN\DOCUMENTS\VISUAL STUDIO 2012\PROJECTS\OPENCV\OPENCV\DEBUG\SERIAL.OBJ
C:\USERS\RUKSHAN\DOCUMENTS\VISUAL STUDIO 2012\PROJECTS\OPENCV\OPENCV\DEBUG\OPENCV.OBJ
C:\USERS\RUKSHAN\DOCUMENTS\VISUAL STUDIO 2012\PROJECTS\OPENCV\DEBUG\OPENCV.ILK
C:\USERS\RUKSHAN\DOCUMENTS\VISUAL STUDIO 2012\PROJECTS\OPENCV\DEBUG\OPENCV.EXE
C:\USERS\RUKSHAN\DOCUMENTS\VISUAL STUDIO 2012\PROJECTS\OPENCV\DEBUG\OPENCV.PDB
C:\Users\Rukshan\documents\visual studio 2012\Projects\opencv\opencv\Debug\opencv.obj
C:\Users\Rukshan\documents\visual studio 2012\Projects\opencv\opencv\Debug\Serial.obj
C:\Users\Rukshan\documents\visual studio 2012\Projects\opencv\opencv\Debug\stdafx.obj
C:\Users\Rukshan\documents\visual studio 2012\Projects\opencv\opencv\Debug\cl.command.1.tlog
C:\Users\Rukshan\documents\visual studio 2012\Projects\opencv\opencv\Debug\CL.read.1.tlog
C:\Users\Rukshan\documents\visual studio 2012\Projects\opencv\opencv\Debug\CL.write.1.tlog
C:\Users\Rukshan\documents\visual studio 2012\Projects\opencv\opencv\Debug\link-cvtres.read.1.tlog
C:\Users\Rukshan\documents\visual studio 2012\Projects\opencv\opencv\Debug\link-cvtres.write.1.tlog
C:\Users\Rukshan\documents\visual studio 2012\Projects\opencv\opencv\Debug\link-rc.read.1.tlog
C:\Users\Rukshan\documents\visual studio 2012\Projects\opencv\opencv\Debug\link-rc.write.1.tlog
C:\Users\Rukshan\documents\visual studio 2012\Projects\opencv\opencv\Debug\link.command.1.tlog
C:\Users\Rukshan\documents\visual studio 2012\Projects\opencv\opencv\Debug\link.read.1.tlog
C:\Users\Rukshan\documents\visual studio 2012\Projects\opencv\opencv\Debug\link.write.1.tlog
C:\Users\Rukshan\documents\visual studio 2012\Projects\opencv\opencv\Debug\opencv.pch
C:\Users\Rukshan\documents\visual studio 2012\Projects\opencv\opencv\Debug\vc110.idb
C:\Users\Rukshan\documents\visual studio 2012\Projects\opencv\opencv\Debug\vc110.pdb
C:\Users\Rukshan\documents\visual studio 2012\Projects\opencv\Debug\opencv.pdb
C:\Users\Rukshan\documents\visual studio 2012\Projects\opencv\Debug\opencv.exe
C:\Users\Rukshan\documents\visual studio 2012\Projects\opencv\Debug\opencv.ilk
