Build started 4/19/2015 7:49:14 PM.
     1>Project "C:\Users\Rukshan\documents\visual studio 2012\Projects\opencv\opencv\opencv.vcxproj" on node 2 (Build target(s)).
     1>ClCompile:
         C:\Program Files\Microsoft Visual Studio 11.0\VC\bin\CL.exe /c /IC:\opencv\build\include /ZI /nologo /W3 /WX- /sdl /Od /Oy- /D WIN32 /D _DEBUG /D _CONSOLE /D _UNICODE /D UNICODE /Gm /EHsc /RTC1 /MDd /GS /fp:precise /Zc:wchar_t /Zc:forScope /Yu"stdafx.h" /Fp"Debug\opencv.pch" /Fo"Debug\\" /Fd"Debug\vc110.pdb" /Gd /TP /analyze- /errorReport:prompt opencv.cpp
         opencv.cpp
     1>c:\users\rukshan\documents\visual studio 2012\projects\opencv\opencv\opencv.cpp(81): warning C4244: '=' : conversion from 'double' to 'int', possible loss of data
     1>c:\users\rukshan\documents\visual studio 2012\projects\opencv\opencv\opencv.cpp(107): warning C4244: '=' : conversion from 'double' to 'int', possible loss of data
     1>c:\users\rukshan\documents\visual studio 2012\projects\opencv\opencv\opencv.cpp(108): warning C4244: 'initializing' : conversion from 'double' to 'int', possible loss of data
     1>c:\users\rukshan\documents\visual studio 2012\projects\opencv\opencv\opencv.cpp(109): warning C4244: 'initializing' : conversion from 'double' to 'int', possible loss of data
     1>c:\users\rukshan\documents\visual studio 2012\projects\opencv\opencv\opencv.cpp(248): warning C4244: 'argument' : conversion from 'double' to 'int', possible loss of data
     1>c:\users\rukshan\documents\visual studio 2012\projects\opencv\opencv\opencv.cpp(308): warning C4244: 'initializing' : conversion from 'int' to 'float', possible loss of data
     1>c:\users\rukshan\documents\visual studio 2012\projects\opencv\opencv\opencv.cpp(309): warning C4244: 'initializing' : conversion from 'double' to 'float', possible loss of data
     1>c:\users\rukshan\documents\visual studio 2012\projects\opencv\opencv\opencv.cpp(360): warning C4018: '<=' : signed/unsigned mismatch
       Link:
         C:\Program Files\Microsoft Visual Studio 11.0\VC\bin\link.exe /ERRORREPORT:PROMPT /OUT:"C:\Users\Rukshan\documents\visual studio 2012\Projects\opencv\Debug\opencv.exe" /INCREMENTAL /NOLOGO /LIBPATH:C:\opencv\build\x86\vc11\lib opencv_calib3d2410d.lib opencv_contrib2410d.lib opencv_core2410d.lib opencv_features2d2410d.lib opencv_flann2410d.lib opencv_gpu2410d.lib opencv_highgui2410d.lib opencv_imgproc2410d.lib opencv_legacy2410d.lib opencv_ml2410d.lib opencv_nonfree2410d.lib opencv_objdetect2410d.lib opencv_photo2410d.lib opencv_stitching2410d.lib opencv_superres2410d.lib opencv_ts2410d.lib opencv_video2410d.lib opencv_videostab2410d.lib kernel32.lib user32.lib gdi32.lib winspool.lib comdlg32.lib advapi32.lib shell32.lib ole32.lib oleaut32.lib uuid.lib odbc32.lib odbccp32.lib /MANIFEST /MANIFESTUAC:"level='asInvoker' uiAccess='false'" /manifest:embed /DEBUG /PDB:"C:\Users\Rukshan\documents\visual studio 2012\Projects\opencv\Debug\opencv.pdb" /SUBSYSTEM:CONSOLE /TLBID:1 /DYNAMICBASE /NXCOMPAT /IMPLIB:"C:\Users\Rukshan\documents\visual studio 2012\Projects\opencv\Debug\opencv.lib" /MACHINE:X86 Debug\opencv.obj
         Debug\Serial.obj
         Debug\stdafx.obj
         opencv.vcxproj -> C:\Users\Rukshan\documents\visual studio 2012\Projects\opencv\Debug\opencv.exe
     1>Done Building Project "C:\Users\Rukshan\documents\visual studio 2012\Projects\opencv\opencv\opencv.vcxproj" (Build target(s)).

Build succeeded.

Time Elapsed 00:00:08.94
